<?xml version="1.0" encoding="UTF-8"?>
<testng-results ignored="0" total="1" passed="1" failed="0" skipped="0">
  <reporter-output>
  </reporter-output>
  <suite started-at="2023-03-03T12:16:42 IST" name="Command line suite" finished-at="2023-03-03T12:17:05 IST" duration-ms="22654">
    <groups>
    </groups>
    <test started-at="2023-03-03T12:16:42 IST" name="Command line test" finished-at="2023-03-03T12:17:05 IST" duration-ms="22654">
      <class name="Login.login">
        <test-method is-config="true" signature="startSystem()[pri:0, instance:Login.login@1f38957]" started-at="2023-03-03T12:16:42 IST" name="startSystem" finished-at="2023-03-03T12:16:46 IST" duration-ms="4010" status="PASS">
          <reporter-output>
          </reporter-output>
        </test-method> <!-- startSystem -->
        <test-method signature="loginWand()[pri:1, instance:Login.login@1f38957]" started-at="2023-03-03T12:16:46 IST" name="loginWand" finished-at="2023-03-03T12:17:04 IST" duration-ms="18436" status="PASS">
          <reporter-output>
          </reporter-output>
        </test-method> <!-- loginWand -->
        <test-method is-config="true" signature="systemClose()[pri:0, instance:Login.login@1f38957]" started-at="2023-03-03T12:17:04 IST" name="systemClose" finished-at="2023-03-03T12:17:05 IST" duration-ms="185" status="PASS">
          <reporter-output>
          </reporter-output>
        </test-method> <!-- systemClose -->
      </class> <!-- Login.login -->
    </test> <!-- Command line test -->
  </suite> <!-- Command line suite -->
</testng-results>
